# JRE version: Java(TM) SE Runtime Environment (8.0_60-b27) (build 1.8.0_60-b27)
# Java VM: Java HotSpot(TM) 64-Bit Server VM (25.60-b23 mixed mode windows-amd64 compressed oops)
Heap:
 PSYoungGen      total 124416K, used 78410K [0x00000000eab00000, 0x00000000f3500000, 0x0000000100000000)
  eden space 111104K, 70% used [0x00000000eab00000,0x00000000ef792b00,0x00000000f1780000)
  from space 13312K, 0% used [0x00000000f1780000,0x00000000f1780000,0x00000000f2480000)
  to   space 12800K, 0% used [0x00000000f2880000,0x00000000f2880000,0x00000000f3500000)
 ParOldGen       total 47104K, used 38841K [0x00000000c0000000, 0x00000000c2e00000, 0x00000000eab00000)
  object space 47104K, 82% used [0x00000000c0000000,0x00000000c25ee700,0x00000000c2e00000)
 Metaspace       used 43446K, capacity 45140K, committed 45312K, reserved 1087488K
  class space    used 5976K, capacity 6377K, committed 6400K, reserved 1048576K
GC Heap History (10 events):
Event: 39.951 GC heap before
{Heap before GC invocations=20 (full 2):
 PSYoungGen      total 101376K, used 5661K [0x00000000eab00000, 0x00000000f1780000, 0x0000000100000000)
  eden space 92672K, 0% used [0x00000000eab00000,0x00000000eab00000,0x00000000f0580000)
  from space 8704K, 65% used [0x00000000f0e80000,0x00000000f14077d8,0x00000000f1700000)
  to   space 9216K, 0% used [0x00000000f0580000,0x00000000f0580000,0x00000000f0e80000)
 ParOldGen       total 27648K, used 17892K [0x00000000c0000000, 0x00000000c1b00000, 0x00000000eab00000)
  object space 27648K, 64% used [0x00000000c0000000,0x00000000c11791f8,0x00000000c1b00000)
 Metaspace       used 34675K, capacity 35378K, committed 35496K, reserved 1079296K
  class space    used 4646K, capacity 4862K, committed 4864K, reserved 1048576K
Event: 40.101 GC heap after
Heap after GC invocations=20 (full 2):
 PSYoungGen      total 101376K, used 0K [0x00000000eab00000, 0x00000000f1780000, 0x0000000100000000)
  eden space 92672K, 0% used [0x00000000eab00000,0x00000000eab00000,0x00000000f0580000)
  from space 8704K, 0% used [0x00000000f0e80000,0x00000000f0e80000,0x00000000f1700000)
  to   space 9216K, 0% used [0x00000000f0580000,0x00000000f0580000,0x00000000f0e80000)
 ParOldGen       total 47104K, used 19748K [0x00000000c0000000, 0x00000000c2e00000, 0x00000000eab00000)
  object space 47104K, 41% used [0x00000000c0000000,0x00000000c1349000,0x00000000c2e00000)
 Metaspace       used 34655K, capacity 35356K, committed 35496K, reserved 1079296K
  class space    used 4640K, capacity 4856K, committed 4864K, reserved 1048576K
}
Event: 52.728 GC heap before
{Heap before GC invocations=21 (full 2):
 PSYoungGen      total 101376K, used 92672K [0x00000000eab00000, 0x00000000f1780000, 0x0000000100000000)
  eden space 92672K, 100% used [0x00000000eab00000,0x00000000f0580000,0x00000000f0580000)
  from space 8704K, 0% used [0x00000000f0e80000,0x00000000f0e80000,0x00000000f1700000)
  to   space 9216K, 0% used [0x00000000f0580000,0x00000000f0580000,0x00000000f0e80000)
 ParOldGen       total 47104K, used 19748K [0x00000000c0000000, 0x00000000c2e00000, 0x00000000eab00000)
  object space 47104K, 41% used [0x00000000c0000000,0x00000000c1349000,0x00000000c2e00000)
 Metaspace       used 37936K, capacity 38814K, committed 39168K, reserved 1083392K
  class space    used 5104K, capacity 5316K, committed 5376K, reserved 1048576K
Event: 52.750 GC heap after
Heap after GC invocations=21 (full 2):
 PSYoungGen      total 101888K, used 9214K [0x00000000eab00000, 0x00000000f3000000, 0x0000000100000000)
  eden space 92672K, 0% used [0x00000000eab00000,0x00000000eab00000,0x00000000f0580000)
  from space 9216K, 99% used [0x00000000f0580000,0x00000000f0e7f890,0x00000000f0e80000)
  to   space 11776K, 0% used [0x00000000f2480000,0x00000000f2480000,0x00000000f3000000)
 ParOldGen       total 47104K, used 21919K [0x00000000c0000000, 0x00000000c2e00000, 0x00000000eab00000)
  object space 47104K, 46% used [0x00000000c0000000,0x00000000c1567d40,0x00000000c2e00000)
 Metaspace       used 37936K, capacity 38814K, committed 39168K, reserved 1083392K
  class space    used 5104K, capacity 5316K, committed 5376K, reserved 1048576K
}
Event: 56.001 GC heap before
{Heap before GC invocations=22 (full 2):
 PSYoungGen      total 101888K, used 101886K [0x00000000eab00000, 0x00000000f3000000, 0x0000000100000000)
  eden space 92672K, 100% used [0x00000000eab00000,0x00000000f0580000,0x00000000f0580000)
  from space 9216K, 99% used [0x00000000f0580000,0x00000000f0e7f890,0x00000000f0e80000)
  to   space 11776K, 0% used [0x00000000f2480000,0x00000000f2480000,0x00000000f3000000)
 ParOldGen       total 47104K, used 21919K [0x00000000c0000000, 0x00000000c2e00000, 0x00000000eab00000)
  object space 47104K, 46% used [0x00000000c0000000,0x00000000c1567d40,0x00000000c2e00000)
 Metaspace       used 41075K, capacity 42164K, committed 42368K, reserved 1085440K
  class space    used 5627K, capacity 5900K, committed 6016K, reserved 1048576K
Event: 56.054 GC heap after
Heap after GC invocations=22 (full 2):
 PSYoungGen      total 122880K, used 11402K [0x00000000eab00000, 0x00000000f3600000, 0x0000000100000000)
  eden space 111104K, 0% used [0x00000000eab00000,0x00000000eab00000,0x00000000f1780000)
  from space 11776K, 96% used [0x00000000f2480000,0x00000000f2fa2bf8,0x00000000f3000000)
  to   space 13312K, 0% used [0x00000000f1780000,0x00000000f1780000,0x00000000f2480000)
 ParOldGen       total 47104K, used 30303K [0x00000000c0000000, 0x00000000c2e00000, 0x00000000eab00000)
  object space 47104K, 64% used [0x00000000c0000000,0x00000000c1d97c98,0x00000000c2e00000)
 Metaspace       used 41075K, capacity 42164K, committed 42368K, reserved 1085440K
  class space    used 5627K, capacity 5900K, committed 6016K, reserved 1048576K
}
Event: 58.511 GC heap before
{Heap before GC invocations=23 (full 2):
 PSYoungGen      total 122880K, used 69189K [0x00000000eab00000, 0x00000000f3600000, 0x0000000100000000)
  eden space 111104K, 52% used [0x00000000eab00000,0x00000000ee36ea20,0x00000000f1780000)
  from space 11776K, 96% used [0x00000000f2480000,0x00000000f2fa2bf8,0x00000000f3000000)
  to   space 13312K, 0% used [0x00000000f1780000,0x00000000f1780000,0x00000000f2480000)
 ParOldGen       total 47104K, used 30303K [0x00000000c0000000, 0x00000000c2e00000, 0x00000000eab00000)
  object space 47104K, 64% used [0x00000000c0000000,0x00000000c1d97c98,0x00000000c2e00000)
 Metaspace       used 43080K, capacity 44612K, committed 44800K, reserved 1087488K
  class space    used 5945K, capacity 6340K, committed 6400K, reserved 1048576K
Event: 58.543 GC heap after
Heap after GC invocations=23 (full 2):
 PSYoungGen      total 124416K, used 5075K [0x00000000eab00000, 0x00000000f3500000, 0x0000000100000000)
  eden space 111104K, 0% used [0x00000000eab00000,0x00000000eab00000,0x00000000f1780000)
  from space 13312K, 38% used [0x00000000f1780000,0x00000000f1c74e50,0x00000000f2480000)
  to   space 12800K, 0% used [0x00000000f2880000,0x00000000f2880000,0x00000000f3500000)
 ParOldGen       total 47104K, used 40069K [0x00000000c0000000, 0x00000000c2e00000, 0x00000000eab00000)
  object space 47104K, 85% used [0x00000000c0000000,0x00000000c27214f8,0x00000000c2e00000)
 Metaspace       used 43080K, capacity 44612K, committed 44800K, reserved 1087488K
  class space    used 5945K, capacity 6340K, committed 6400K, reserved 1048576K
}
Event: 58.543 GC heap before
{Heap before GC invocations=24 (full 3):
 PSYoungGen      total 124416K, used 5075K [0x00000000eab00000, 0x00000000f3500000, 0x0000000100000000)
  eden space 111104K, 0% used [0x00000000eab00000,0x00000000eab00000,0x00000000f1780000)
  from space 13312K, 38% used [0x00000000f1780000,0x00000000f1c74e50,0x00000000f2480000)
  to   space 12800K, 0% used [0x00000000f2880000,0x00000000f2880000,0x00000000f3500000)
 ParOldGen       total 47104K, used 40069K [0x00000000c0000000, 0x00000000c2e00000, 0x00000000eab00000)
  object space 47104K, 85% used [0x00000000c0000000,0x00000000c27214f8,0x00000000c2e00000)
 Metaspace       used 43080K, capacity 44612K, committed 44800K, reserved 1087488K
  class space    used 5945K, capacity 6340K, committed 6400K, reserved 1048576K
Event: 58.955 GC heap after
Heap after GC invocations=24 (full 3):
 PSYoungGen      total 124416K, used 0K [0x00000000eab00000, 0x00000000f3500000, 0x0000000100000000)
  eden space 111104K, 0% used [0x00000000eab00000,0x00000000eab00000,0x00000000f1780000)
  from space 13312K, 0% used [0x00000000f1780000,0x00000000f1780000,0x00000000f2480000)
  to   space 12800K, 0% used [0x00000000f2880000,0x00000000f2880000,0x00000000f3500000)
 ParOldGen       total 47104K, used 38841K [0x00000000c0000000, 0x00000000c2e00000, 0x00000000eab00000)
  object space 47104K, 82% used [0x00000000c0000000,0x00000000c25ee700,0x00000000c2e00000)
 Metaspace       used 43080K, capacity 44612K, committed 44800K, reserved 1087488K
  class space    used 5945K, capacity 6340K, committed 6400K, reserved 1048576K
}

